Warning: Stoichiometry is not defined for all reactions; assuming unit stoichiometry where missing
Notice: creating runge-kutta integrator
Notice: creating runge-kutta integrator
Warning: Stoichiometry is not defined for all reactions; assuming unit stoichiometry where missing
Notice: creating runge-kutta integrator
Notice: creating runge-kutta integrator
Warning: Stoichiometry is not defined for all reactions; assuming unit stoichiometry where missing
Notice: creating runge-kutta integrator
Notice: creating runge-kutta integrator
Warning: Stoichiometry is not defined for all reactions; assuming unit stoichiometry where missing
Notice: creating runge-kutta integrator
Warning: Error, negative value of -0.95 encountred for floating species x
Warning: Error, negative value of -0.95 encountred for floating species x
Warning: Error, negative value of -0.95 encountred for floating species x
Warning: Error, negative value of -0.95 encountred for floating species x
Warning: Error, negative value of -0.95 encountred for floating species x
Warning: Error, negative value of -0.95 encountred for floating species x
Warning: Error, negative value of -0.95 encountred for floating species x
Warning: Stoichiometry is not defined for all reactions; assuming unit stoichiometry where missing
Notice: creating runge-kutta integrator
Warning: Error, negative value of -0.95 encountred for floating species x
Warning: Error, negative value of -0.95 encountred for floating species x
Warning: Error, negative value of -0.95 encountred for floating species x
Warning: Error, negative value of -0.95 encountred for floating species x
Warning: Error, negative value of -0.95 encountred for floating species x
Warning: Stoichiometry is not defined for all reactions; assuming unit stoichiometry where missing
Notice: creating runge-kutta integrator
Warning: Error, negative value of -0.95 encountred for floating species x
Warning: Error, negative value of -0.95 encountred for floating species x
Warning: Error, negative value of -0.95 encountred for floating species x
Warning: Error, negative value of -0.95 encountred for floating species x
Warning: Error, negative value of -0.95 encountred for floating species x
Warning: Error, negative value of -0.95 encountred for floating species x
Warning: Error, negative value of -0.95 encountred for floating species x
Warning: Stoichiometry is not defined for all reactions; assuming unit stoichiometry where missing
Notice: creating runge-kutta integrator
Warning: Error, negative value of -0.95 encountred for floating species x
Warning: Conserved Moiety Analysis is not enabled, steady state may fail with singular Jacobian
Warning: Conserved Moiety Analysis may be enabled via the conservedMoeityAnalysis property or via the configuration file or the Config class setValue, see roadrunner documentation
Warning: to remove this warning, set ROADRUNNER_DISABLE_WARNINGS to 1 or 3 in the config file
Warning: Stoichiometry is not defined for all reactions; assuming unit stoichiometry where missing
Notice: creating runge-kutta integrator
Warning: Stoichiometry is not defined for all reactions; assuming unit stoichiometry where missing
Notice: creating runge-kutta integrator
Warning: Stoichiometry is not defined for all reactions; assuming unit stoichiometry where missing
Notice: creating runge-kutta integrator
Warning: Stoichiometry is not defined for all reactions; assuming unit stoichiometry where missing
Notice: creating runge-kutta integrator
Notice: creating runge-kutta integrator
Warning: Stoichiometry is not defined for all reactions; assuming unit stoichiometry where missing
Notice: creating runge-kutta integrator
Warning: Stoichiometry is not defined for all reactions; assuming unit stoichiometry where missing
Warning: Error, negative value of -0.95 encountred for floating species x
Notice: creating runge-kutta integrator
Warning: Stoichiometry is not defined for all reactions; assuming unit stoichiometry where missing
Warning: Error, negative value of -0.95 encountred for floating species x
Warning: Error, negative value of -0.95 encountred for floating species x
Warning: Error, negative value of -0.95 encountred for floating species x
Notice: creating runge-kutta integrator
Warning: Stoichiometry is not defined for all reactions; assuming unit stoichiometry where missing
Warning: Error, negative value of -0.95 encountred for floating species x
Notice: creating runge-kutta integrator
Warning: Stoichiometry is not defined for all reactions; assuming unit stoichiometry where missing
Warning: Error, negative value of -0.95 encountred for floating species x
Warning: Error, negative value of -0.95 encountred for floating species x
Warning: Error, negative value of -0.95 encountred for floating species x
Notice: creating runge-kutta integrator
Warning: Stoichiometry is not defined for all reactions; assuming unit stoichiometry where missing
Warning: Error, negative value of -0.95 encountred for floating species x
Warning: Error, negative value of -0.95 encountred for floating species x
Notice: creating runge-kutta integrator
Warning: Stoichiometry is not defined for all reactions; assuming unit stoichiometry where missing
Warning: Error, negative value of -0.95 encountred for floating species x
Warning: Error, negative value of -0.95 encountred for floating species x
Warning: Error, negative value of -0.95 encountred for floating species x
Warning: Error, negative value of -0.95 encountred for floating species x
Notice: creating runge-kutta integrator
Warning: Stoichiometry is not defined for all reactions; assuming unit stoichiometry where missing
Warning: Error, negative value of -0.95 encountred for floating species x
Warning: Error, negative value of -0.95 encountred for floating species x
Warning: Error, negative value of -0.95 encountred for floating species x
Warning: Error, negative value of -0.95 encountred for floating species x
Notice: creating runge-kutta integrator
Warning: Error, negative value of -0.95 encountred for floating species x
Warning: Error, negative value of -0.95 encountred for floating species x
Warning: Error, negative value of -0.95 encountred for floating species x
Warning: Error, negative value of -0.95 encountred for floating species x
